-------------------------------------------------------------------------------
Test set: exemplo.UtilsTest
-------------------------------------------------------------------------------
Tests run: 4, Failures: 0, Errors: 1, Skipped: 1, Time elapsed: 1.086 sec <<< FAILURE!
testWithTimeout(exemplo.UtilsTest)  Time elapsed: 1.04 sec  <<< ERROR!
java.lang.Exception: test timed out after 1000 milliseconds
	at java.math.BigInteger.multiply(BigInteger.java:1163)
	at exemplo.Utils.computeFactorial(Utils.java:31)
	at exemplo.UtilsTest.testWithTimeout(UtilsTest.java:128)
	at sun.reflect.NativeMethodAccessorImpl.invoke0(Native Method)
	at sun.reflect.NativeMethodAccessorImpl.invoke(NativeMethodAccessorImpl.java:57)
	at sun.reflect.DelegatingMethodAccessorImpl.invoke(DelegatingMethodAccessorImpl.java:43)
	at java.lang.reflect.Method.invoke(Method.java:616)
	at org.junit.runners.model.FrameworkMethod$1.runReflectiveCall(FrameworkMethod.java:45)
	at org.junit.internal.runners.model.ReflectiveCallable.run(ReflectiveCallable.java:15)
	at org.junit.runners.model.FrameworkMethod.invokeExplosively(FrameworkMethod.java:42)
	at org.junit.internal.runners.statements.InvokeMethod.evaluate(InvokeMethod.java:20)
	at org.junit.internal.runners.statements.FailOnTimeout$StatementThread.run(FailOnTimeout.java:62)
