<?xml version="1.0" encoding="UTF-8" ?>
<testsuite failures="0" time="1.086" errors="1" skipped="1" tests="4" name="exemplo.UtilsTest">
  <properties>
[...]
</properties>
  <testcase time="0.008" classname="exemplo.UtilsTest" name="helloWorldCheck"/>
  <testcase time="1.04" classname="exemplo.UtilsTest" name="testWithTimeout">
    <error message="test timed out after 1000 milliseconds" type="java.lang.Exception">java.lang.Exception: test timed out after 1000 milliseconds
	at java.math.BigInteger.multiply(BigInteger.java:1163)
	at exemplo.Utils.computeFactorial(Utils.java:31)
	at exemplo.UtilsTest.testWithTimeout(UtilsTest.java:128)
	at sun.reflect.NativeMethodAccessorImpl.invoke0(Native Method)
	at sun.reflect.NativeMethodAccessorImpl.invoke(NativeMethodAccessorImpl.java:57)
	at sun.reflect.DelegatingMethodAccessorImpl.invoke(DelegatingMethodAccessorImpl.java:43)
	at java.lang.reflect.Method.invoke(Method.java:616)
	at org.junit.runners.model.FrameworkMethod$1.runReflectiveCall(FrameworkMethod.java:45)
	at org.junit.internal.runners.model.ReflectiveCallable.run(ReflectiveCallable.java:15)
	at org.junit.runners.model.FrameworkMethod.invokeExplosively(FrameworkMethod.java:42)
	at org.junit.internal.runners.statements.InvokeMethod.evaluate(InvokeMethod.java:20)
	at org.junit.internal.runners.statements.FailOnTimeout$StatementThread.run(FailOnTimeout.java:62)
</error>
    <system-out>* UtilsTest: @Before method
* UtilsTest: test method 2 - testWithTimeout()
computing 20589!
* UtilsTest: @After method
</system-out>
  </testcase>
  <testcase time="0.001" classname="exemplo.UtilsTest" name="checkExpectedException"/>
  <testcase time="0.002" classname="exemplo.UtilsTest" name="temporarilyDisabledTest">
    <skipped/>
  </testcase>
</testsuite>